# JRE version: Java(TM) SE Runtime Environment (11.0.1+13) (build 11.0.1+13-LTS)
# Java VM: Java HotSpot(TM) 64-Bit Server VM (11.0.1+13-LTS, mixed mode, tiered, compressed oops, g1 gc, windows-amd64)
Heap:
 garbage-first heap   total 197632K, used 79872K [0x0000000081000000, 0x0000000100000000)
  region size 1024K, 23 young (23552K), 3 survivors (3072K)
 Metaspace       used 13978K, capacity 14083K, committed 14336K, reserved 1062912K
  class space    used 1172K, capacity 1227K, committed 1280K, reserved 1048576K
GC Heap History (10 events):
Event: 2.988 GC heap before
{Heap before GC invocations=11 (full 0):
 garbage-first heap   total 197632K, used 112608K [0x0000000081000000, 0x0000000100000000)
  region size 1024K, 25 young (25600K), 1 survivors (1024K)
 Metaspace       used 11213K, capacity 11396K, committed 11520K, reserved 1060864K
  class space    used 926K, capacity 992K, committed 1024K, reserved 1048576K
}
Event: 3.011 GC heap after
{Heap after GC invocations=12 (full 0):
 garbage-first heap   total 197632K, used 50949K [0x0000000081000000, 0x0000000100000000)
  region size 1024K, 11 young (11264K), 11 survivors (11264K)
 Metaspace       used 11213K, capacity 11396K, committed 11520K, reserved 1060864K
  class space    used 926K, capacity 992K, committed 1024K, reserved 1048576K
}
Event: 3.380 GC heap before
{Heap before GC invocations=13 (full 0):
 garbage-first heap   total 197632K, used 79621K [0x0000000081000000, 0x0000000100000000)
  region size 1024K, 19 young (19456K), 11 survivors (11264K)
 Metaspace       used 11773K, capacity 11940K, committed 12032K, reserved 1060864K
  class space    used 974K, capacity 1024K, committed 1024K, reserved 1048576K
}
Event: 3.395 GC heap after
{Heap after GC invocations=14 (full 0):
 garbage-first heap   total 197632K, used 49152K [0x0000000081000000, 0x0000000100000000)
  region size 1024K, 3 young (3072K), 3 survivors (3072K)
 Metaspace       used 11773K, capacity 11940K, committed 12032K, reserved 1060864K
  class space    used 974K, capacity 1024K, committed 1024K, reserved 1048576K
}
Event: 6.460 GC heap before
{Heap before GC invocations=14 (full 0):
 garbage-first heap   total 197632K, used 95232K [0x0000000081000000, 0x0000000100000000)
  region size 1024K, 49 young (50176K), 3 survivors (3072K)
 Metaspace       used 11893K, capacity 12068K, committed 12288K, reserved 1060864K
  class space    used 980K, capacity 1024K, committed 1024K, reserved 1048576K
}
Event: 6.461 GC heap after
{Heap after GC invocations=15 (full 0):
 garbage-first heap   total 197632K, used 49080K [0x0000000081000000, 0x0000000100000000)
  region size 1024K, 3 young (3072K), 3 survivors (3072K)
 Metaspace       used 11893K, capacity 12068K, committed 12288K, reserved 1060864K
  class space    used 980K, capacity 1024K, committed 1024K, reserved 1048576K
}
Event: 9.535 GC heap before
{Heap before GC invocations=15 (full 0):
 garbage-first heap   total 197632K, used 122808K [0x0000000081000000, 0x0000000100000000)
  region size 1024K, 34 young (34816K), 3 survivors (3072K)
 Metaspace       used 11912K, capacity 12068K, committed 12288K, reserved 1060864K
  class space    used 982K, capacity 1024K, committed 1024K, reserved 1048576K
}
Event: 9.537 GC heap after
{Heap after GC invocations=16 (full 0):
 garbage-first heap   total 197632K, used 49101K [0x0000000081000000, 0x0000000100000000)
  region size 1024K, 3 young (3072K), 3 survivors (3072K)
 Metaspace       used 11912K, capacity 12068K, committed 12288K, reserved 1060864K
  class space    used 982K, capacity 1024K, committed 1024K, reserved 1048576K
}
Event: 10.535 GC heap before
{Heap before GC invocations=17 (full 0):
 garbage-first heap   total 197632K, used 93133K [0x0000000081000000, 0x0000000100000000)
  region size 1024K, 5 young (5120K), 3 survivors (3072K)
 Metaspace       used 11912K, capacity 12068K, committed 12288K, reserved 1060864K
  class space    used 982K, capacity 1024K, committed 1024K, reserved 1048576K
}
Event: 10.537 GC heap after
{Heap after GC invocations=18 (full 0):
 garbage-first heap   total 197632K, used 49152K [0x0000000081000000, 0x0000000100000000)
  region size 1024K, 3 young (3072K), 3 survivors (3072K)
 Metaspace       used 11912K, capacity 12068K, committed 12288K, reserved 1060864K
  class space    used 982K, capacity 1024K, committed 1024K, reserved 1048576K
}

