# JRE version: Java(TM) SE Runtime Environment (11.0.1+13) (build 11.0.1+13-LTS)
# Java VM: Java HotSpot(TM) 64-Bit Server VM (11.0.1+13-LTS, mixed mode, tiered, compressed oops, g1 gc, windows-amd64)
Heap:
 garbage-first heap   total 264192K, used 129393K [0x0000000081000000, 0x0000000100000000)
  region size 1024K, 25 young (25600K), 1 survivors (1024K)
 Metaspace       used 14306K, capacity 14409K, committed 14592K, reserved 1062912K
  class space    used 1174K, capacity 1228K, committed 1280K, reserved 1048576K
GC Heap History (10 events):
Event: 51.465 GC heap before
{Heap before GC invocations=61 (full 0):
 garbage-first heap   total 264192K, used 145206K [0x0000000081000000, 0x0000000100000000)
  region size 1024K, 27 young (27648K), 1 survivors (1024K)
 Metaspace       used 14267K, capacity 14409K, committed 14592K, reserved 1062912K
  class space    used 1173K, capacity 1228K, committed 1280K, reserved 1048576K
}
Event: 51.470 GC heap after
{Heap after GC invocations=62 (full 0):
 garbage-first heap   total 264192K, used 100956K [0x0000000081000000, 0x0000000100000000)
  region size 1024K, 1 young (1024K), 1 survivors (1024K)
 Metaspace       used 14267K, capacity 14409K, committed 14592K, reserved 1062912K
  class space    used 1173K, capacity 1228K, committed 1280K, reserved 1048576K
}
Event: 52.358 GC heap before
{Heap before GC invocations=63 (full 0):
 garbage-first heap   total 264192K, used 119388K [0x0000000081000000, 0x0000000100000000)
  region size 1024K, 2 young (2048K), 1 survivors (1024K)
 Metaspace       used 14267K, capacity 14409K, committed 14592K, reserved 1062912K
  class space    used 1173K, capacity 1228K, committed 1280K, reserved 1048576K
}
Event: 52.358 GC heap after
{Heap after GC invocations=64 (full 0):
 garbage-first heap   total 264192K, used 100762K [0x0000000081000000, 0x0000000100000000)
  region size 1024K, 1 young (1024K), 1 survivors (1024K)
 Metaspace       used 14267K, capacity 14409K, committed 14592K, reserved 1062912K
  class space    used 1173K, capacity 1228K, committed 1280K, reserved 1048576K
}
Event: 52.996 GC heap before
{Heap before GC invocations=65 (full 0):
 garbage-first heap   total 264192K, used 119194K [0x0000000081000000, 0x0000000100000000)
  region size 1024K, 2 young (2048K), 1 survivors (1024K)
 Metaspace       used 14267K, capacity 14409K, committed 14592K, reserved 1062912K
  class space    used 1173K, capacity 1228K, committed 1280K, reserved 1048576K
}
Event: 52.997 GC heap after
{Heap after GC invocations=66 (full 0):
 garbage-first heap   total 264192K, used 100738K [0x0000000081000000, 0x0000000100000000)
  region size 1024K, 1 young (1024K), 1 survivors (1024K)
 Metaspace       used 14267K, capacity 14409K, committed 14592K, reserved 1062912K
  class space    used 1173K, capacity 1228K, committed 1280K, reserved 1048576K
}
Event: 53.709 GC heap before
{Heap before GC invocations=67 (full 0):
 garbage-first heap   total 264192K, used 119170K [0x0000000081000000, 0x0000000100000000)
  region size 1024K, 2 young (2048K), 1 survivors (1024K)
 Metaspace       used 14267K, capacity 14409K, committed 14592K, reserved 1062912K
  class space    used 1173K, capacity 1228K, committed 1280K, reserved 1048576K
}
Event: 53.710 GC heap after
{Heap after GC invocations=68 (full 0):
 garbage-first heap   total 264192K, used 100727K [0x0000000081000000, 0x0000000100000000)
  region size 1024K, 1 young (1024K), 1 survivors (1024K)
 Metaspace       used 14267K, capacity 14409K, committed 14592K, reserved 1062912K
  class space    used 1173K, capacity 1228K, committed 1280K, reserved 1048576K
}
Event: 54.456 GC heap before
{Heap before GC invocations=69 (full 0):
 garbage-first heap   total 264192K, used 119159K [0x0000000081000000, 0x0000000100000000)
  region size 1024K, 2 young (2048K), 1 survivors (1024K)
 Metaspace       used 14267K, capacity 14409K, committed 14592K, reserved 1062912K
  class space    used 1173K, capacity 1228K, committed 1280K, reserved 1048576K
}
Event: 54.457 GC heap after
{Heap after GC invocations=70 (full 0):
 garbage-first heap   total 264192K, used 100721K [0x0000000081000000, 0x0000000100000000)
  region size 1024K, 1 young (1024K), 1 survivors (1024K)
 Metaspace       used 14267K, capacity 14409K, committed 14592K, reserved 1062912K
  class space    used 1173K, capacity 1228K, committed 1280K, reserved 1048576K
}

