# JRE version: Java(TM) SE Runtime Environment (11.0.1+13) (build 11.0.1+13-LTS)
# Java VM: Java HotSpot(TM) 64-Bit Server VM (11.0.1+13-LTS, mixed mode, tiered, compressed oops, g1 gc, windows-amd64)
Heap:
 garbage-first heap   total 197632K, used 141014K [0x0000000081000000, 0x0000000100000000)
  region size 1024K, 94 young (96256K), 5 survivors (5120K)
 Metaspace       used 14284K, capacity 14467K, committed 14592K, reserved 1062912K
  class space    used 1172K, capacity 1227K, committed 1280K, reserved 1048576K
GC Heap History (10 events):
Event: 82.084 GC heap before
{Heap before GC invocations=18 (full 0):
 garbage-first heap   total 197632K, used 139810K [0x0000000081000000, 0x0000000100000000)
  region size 1024K, 92 young (94208K), 4 survivors (4096K)
 Metaspace       used 14214K, capacity 14403K, committed 14592K, reserved 1062912K
  class space    used 1171K, capacity 1227K, committed 1280K, reserved 1048576K
}
Event: 82.087 GC heap after
{Heap after GC invocations=19 (full 0):
 garbage-first heap   total 197632K, used 49985K [0x0000000081000000, 0x0000000100000000)
  region size 1024K, 4 young (4096K), 4 survivors (4096K)
 Metaspace       used 14214K, capacity 14403K, committed 14592K, reserved 1062912K
  class space    used 1171K, capacity 1227K, committed 1280K, reserved 1048576K
}
Event: 122.285 GC heap before
{Heap before GC invocations=19 (full 0):
 garbage-first heap   total 197632K, used 147265K [0x0000000081000000, 0x0000000100000000)
  region size 1024K, 99 young (101376K), 4 survivors (4096K)
 Metaspace       used 14238K, capacity 14403K, committed 14592K, reserved 1062912K
  class space    used 1172K, capacity 1227K, committed 1280K, reserved 1048576K
}
Event: 122.288 GC heap after
{Heap after GC invocations=20 (full 0):
 garbage-first heap   total 197632K, used 50176K [0x0000000081000000, 0x0000000100000000)
  region size 1024K, 4 young (4096K), 4 survivors (4096K)
 Metaspace       used 14238K, capacity 14403K, committed 14592K, reserved 1062912K
  class space    used 1172K, capacity 1227K, committed 1280K, reserved 1048576K
}
Event: 155.152 GC heap before
{Heap before GC invocations=20 (full 0):
 garbage-first heap   total 197632K, used 149504K [0x0000000081000000, 0x0000000100000000)
  region size 1024K, 102 young (104448K), 4 survivors (4096K)
 Metaspace       used 14262K, capacity 14403K, committed 14592K, reserved 1062912K
  class space    used 1172K, capacity 1227K, committed 1280K, reserved 1048576K
}
Event: 155.156 GC heap after
{Heap after GC invocations=21 (full 0):
 garbage-first heap   total 197632K, used 50503K [0x0000000081000000, 0x0000000100000000)
  region size 1024K, 5 young (5120K), 5 survivors (5120K)
 Metaspace       used 14262K, capacity 14403K, committed 14592K, reserved 1062912K
  class space    used 1172K, capacity 1227K, committed 1280K, reserved 1048576K
}
Event: 197.183 GC heap before
{Heap before GC invocations=21 (full 0):
 garbage-first heap   total 197632K, used 152903K [0x0000000081000000, 0x0000000100000000)
  region size 1024K, 105 young (107520K), 5 survivors (5120K)
 Metaspace       used 14265K, capacity 14403K, committed 14592K, reserved 1062912K
  class space    used 1172K, capacity 1227K, committed 1280K, reserved 1048576K
}
Event: 197.187 GC heap after
{Heap after GC invocations=22 (full 0):
 garbage-first heap   total 197632K, used 50716K [0x0000000081000000, 0x0000000100000000)
  region size 1024K, 5 young (5120K), 5 survivors (5120K)
 Metaspace       used 14265K, capacity 14403K, committed 14592K, reserved 1062912K
  class space    used 1172K, capacity 1227K, committed 1280K, reserved 1048576K
}
Event: 242.478 GC heap before
{Heap before GC invocations=22 (full 0):
 garbage-first heap   total 197632K, used 161308K [0x0000000081000000, 0x0000000100000000)
  region size 1024K, 113 young (115712K), 5 survivors (5120K)
 Metaspace       used 14275K, capacity 14403K, committed 14592K, reserved 1062912K
  class space    used 1172K, capacity 1227K, committed 1280K, reserved 1048576K
}
Event: 242.481 GC heap after
{Heap after GC invocations=23 (full 0):
 garbage-first heap   total 197632K, used 50902K [0x0000000081000000, 0x0000000100000000)
  region size 1024K, 5 young (5120K), 5 survivors (5120K)
 Metaspace       used 14275K, capacity 14403K, committed 14592K, reserved 1062912K
  class space    used 1172K, capacity 1227K, committed 1280K, reserved 1048576K
}

