# JRE version: Java(TM) SE Runtime Environment (11.0.1+13) (build 11.0.1+13-LTS)
# Java VM: Java HotSpot(TM) 64-Bit Server VM (11.0.1+13-LTS, mixed mode, tiered, compressed oops, g1 gc, windows-amd64)
Heap:
 garbage-first heap   total 197632K, used 143360K [0x0000000081000000, 0x0000000100000000)
  region size 1024K, 97 young (99328K), 5 survivors (5120K)
 Metaspace       used 13843K, capacity 13978K, committed 14336K, reserved 1062912K
  class space    used 1143K, capacity 1191K, committed 1280K, reserved 1048576K
GC Heap History (10 events):
Event: 10.591 GC heap before
{Heap before GC invocations=16 (full 0):
 garbage-first heap   total 197632K, used 94104K [0x0000000081000000, 0x0000000100000000)
  region size 1024K, 6 young (6144K), 4 survivors (4096K)
 Metaspace       used 11930K, capacity 12068K, committed 12288K, reserved 1060864K
  class space    used 982K, capacity 1024K, committed 1024K, reserved 1048576K
}
Event: 10.593 GC heap after
{Heap after GC invocations=17 (full 0):
 garbage-first heap   total 197632K, used 49081K [0x0000000081000000, 0x0000000100000000)
  region size 1024K, 4 young (4096K), 4 survivors (4096K)
 Metaspace       used 11930K, capacity 12068K, committed 12288K, reserved 1060864K
  class space    used 982K, capacity 1024K, committed 1024K, reserved 1048576K
}
Event: 19.173 GC heap before
{Heap before GC invocations=18 (full 0):
 garbage-first heap   total 197632K, used 116665K [0x0000000081000000, 0x0000000100000000)
  region size 1024K, 61 young (62464K), 4 survivors (4096K)
 Metaspace       used 13605K, capacity 13722K, committed 14080K, reserved 1062912K
  class space    used 1142K, capacity 1191K, committed 1280K, reserved 1048576K
}
Event: 19.175 GC heap after
{Heap after GC invocations=19 (full 0):
 garbage-first heap   total 197632K, used 49514K [0x0000000081000000, 0x0000000100000000)
  region size 1024K, 5 young (5120K), 5 survivors (5120K)
 Metaspace       used 13605K, capacity 13722K, committed 14080K, reserved 1062912K
  class space    used 1142K, capacity 1191K, committed 1280K, reserved 1048576K
}
Event: 42.095 GC heap before
{Heap before GC invocations=19 (full 0):
 garbage-first heap   total 197632K, used 116074K [0x0000000081000000, 0x0000000100000000)
  region size 1024K, 70 young (71680K), 5 survivors (5120K)
 Metaspace       used 13793K, capacity 13914K, committed 14080K, reserved 1062912K
  class space    used 1142K, capacity 1191K, committed 1280K, reserved 1048576K
}
Event: 42.097 GC heap after
{Heap after GC invocations=20 (full 0):
 garbage-first heap   total 197632K, used 49736K [0x0000000081000000, 0x0000000100000000)
  region size 1024K, 5 young (5120K), 5 survivors (5120K)
 Metaspace       used 13793K, capacity 13914K, committed 14080K, reserved 1062912K
  class space    used 1142K, capacity 1191K, committed 1280K, reserved 1048576K
}
Event: 82.133 GC heap before
{Heap before GC invocations=20 (full 0):
 garbage-first heap   total 197632K, used 137800K [0x0000000081000000, 0x0000000100000000)
  region size 1024K, 91 young (93184K), 5 survivors (5120K)
 Metaspace       used 13802K, capacity 13914K, committed 14080K, reserved 1062912K
  class space    used 1143K, capacity 1191K, committed 1280K, reserved 1048576K
}
Event: 82.137 GC heap after
{Heap after GC invocations=21 (full 0):
 garbage-first heap   total 197632K, used 49758K [0x0000000081000000, 0x0000000100000000)
  region size 1024K, 5 young (5120K), 5 survivors (5120K)
 Metaspace       used 13802K, capacity 13914K, committed 14080K, reserved 1062912K
  class space    used 1143K, capacity 1191K, committed 1280K, reserved 1048576K
}
Event: 122.135 GC heap before
{Heap before GC invocations=21 (full 0):
 garbage-first heap   total 197632K, used 143966K [0x0000000081000000, 0x0000000100000000)
  region size 1024K, 98 young (100352K), 5 survivors (5120K)
 Metaspace       used 13804K, capacity 13914K, committed 14080K, reserved 1062912K
  class space    used 1143K, capacity 1191K, committed 1280K, reserved 1048576K
}
Event: 122.138 GC heap after
{Heap after GC invocations=22 (full 0):
 garbage-first heap   total 197632K, used 50176K [0x0000000081000000, 0x0000000100000000)
  region size 1024K, 5 young (5120K), 5 survivors (5120K)
 Metaspace       used 13804K, capacity 13914K, committed 14080K, reserved 1062912K
  class space    used 1143K, capacity 1191K, committed 1280K, reserved 1048576K
}

