# JRE version: Java(TM) SE Runtime Environment (11.0.1+13) (build 11.0.1+13-LTS)
# Java VM: Java HotSpot(TM) 64-Bit Server VM (11.0.1+13-LTS, mixed mode, tiered, compressed oops, g1 gc, windows-amd64)
Heap:
 garbage-first heap   total 330752K, used 157147K [0x0000000081000000, 0x0000000100000000)
  region size 1024K, 28 young (28672K), 3 survivors (3072K)
 Metaspace       used 14319K, capacity 14409K, committed 14592K, reserved 1062912K
  class space    used 1175K, capacity 1228K, committed 1280K, reserved 1048576K
GC Heap History (10 events):
Event: 40.364 GC heap before
{Heap before GC invocations=41 (full 0):
 garbage-first heap   total 330752K, used 195286K [0x0000000081000000, 0x0000000100000000)
  region size 1024K, 2 young (2048K), 1 survivors (1024K)
 Metaspace       used 14269K, capacity 14409K, committed 14592K, reserved 1062912K
  class space    used 1173K, capacity 1228K, committed 1280K, reserved 1048576K
}
Event: 40.365 GC heap after
{Heap after GC invocations=42 (full 0):
 garbage-first heap   total 330752K, used 126719K [0x0000000081000000, 0x0000000100000000)
  region size 1024K, 1 young (1024K), 1 survivors (1024K)
 Metaspace       used 14269K, capacity 14409K, committed 14592K, reserved 1062912K
  class space    used 1173K, capacity 1228K, committed 1280K, reserved 1048576K
}
Event: 40.827 GC heap before
{Heap before GC invocations=43 (full 0):
 garbage-first heap   total 330752K, used 155391K [0x0000000081000000, 0x0000000100000000)
  region size 1024K, 9 young (9216K), 1 survivors (1024K)
 Metaspace       used 14276K, capacity 14409K, committed 14592K, reserved 1062912K
  class space    used 1173K, capacity 1228K, committed 1280K, reserved 1048576K
}
Event: 40.831 GC heap after
{Heap after GC invocations=44 (full 0):
 garbage-first heap   total 330752K, used 84429K [0x0000000081000000, 0x0000000100000000)
  region size 1024K, 5 young (5120K), 5 survivors (5120K)
 Metaspace       used 14276K, capacity 14409K, committed 14592K, reserved 1062912K
  class space    used 1173K, capacity 1228K, committed 1280K, reserved 1048576K
}
Event: 41.040 GC heap before
{Heap before GC invocations=45 (full 0):
 garbage-first heap   total 330752K, used 170445K [0x0000000081000000, 0x0000000100000000)
  region size 1024K, 24 young (24576K), 5 survivors (5120K)
 Metaspace       used 14276K, capacity 14409K, committed 14592K, reserved 1062912K
  class space    used 1173K, capacity 1228K, committed 1280K, reserved 1048576K
}
Event: 41.061 GC heap after
{Heap after GC invocations=46 (full 0):
 garbage-first heap   total 330752K, used 105193K [0x0000000081000000, 0x0000000100000000)
  region size 1024K, 12 young (12288K), 12 survivors (12288K)
 Metaspace       used 14276K, capacity 14409K, committed 14592K, reserved 1062912K
  class space    used 1173K, capacity 1228K, committed 1280K, reserved 1048576K
}
Event: 51.332 GC heap before
{Heap before GC invocations=47 (full 0):
 garbage-first heap   total 330752K, used 228073K [0x0000000081000000, 0x0000000100000000)
  region size 1024K, 91 young (93184K), 12 survivors (12288K)
 Metaspace       used 14282K, capacity 14409K, committed 14592K, reserved 1062912K
  class space    used 1174K, capacity 1228K, committed 1280K, reserved 1048576K
}
Event: 51.437 GC heap after
{Heap after GC invocations=48 (full 0):
 garbage-first heap   total 330752K, used 106778K [0x0000000081000000, 0x0000000100000000)
  region size 1024K, 3 young (3072K), 3 survivors (3072K)
 Metaspace       used 14282K, capacity 14409K, committed 14592K, reserved 1062912K
  class space    used 1174K, capacity 1228K, committed 1280K, reserved 1048576K
}
Event: 53.758 GC heap before
{Heap before GC invocations=48 (full 0):
 garbage-first heap   total 330752K, used 151834K [0x0000000081000000, 0x0000000100000000)
  region size 1024K, 5 young (5120K), 3 survivors (3072K)
 Metaspace       used 14282K, capacity 14409K, committed 14592K, reserved 1062912K
  class space    used 1174K, capacity 1228K, committed 1280K, reserved 1048576K
}
Event: 53.770 GC heap after
{Heap after GC invocations=49 (full 0):
 garbage-first heap   total 330752K, used 105947K [0x0000000081000000, 0x0000000100000000)
  region size 1024K, 3 young (3072K), 3 survivors (3072K)
 Metaspace       used 14282K, capacity 14409K, committed 14592K, reserved 1062912K
  class space    used 1174K, capacity 1228K, committed 1280K, reserved 1048576K
}

