# JRE version: Java(TM) SE Runtime Environment (11.0.1+13) (build 11.0.1+13-LTS)
# Java VM: Java HotSpot(TM) 64-Bit Server VM (11.0.1+13-LTS, mixed mode, tiered, compressed oops, g1 gc, windows-amd64)
Heap:
 garbage-first heap   total 330752K, used 130510K [0x0000000081000000, 0x0000000100000000)
  region size 1024K, 27 young (27648K), 3 survivors (3072K)
 Metaspace       used 14310K, capacity 14409K, committed 14592K, reserved 1062912K
  class space    used 1175K, capacity 1228K, committed 1280K, reserved 1048576K
GC Heap History (10 events):
Event: 41.701 GC heap before
{Heap before GC invocations=45 (full 0):
 garbage-first heap   total 330752K, used 189164K [0x0000000081000000, 0x0000000100000000)
  region size 1024K, 3 young (3072K), 2 survivors (2048K)
 Metaspace       used 14252K, capacity 14409K, committed 14592K, reserved 1062912K
  class space    used 1173K, capacity 1228K, committed 1280K, reserved 1048576K
}
Event: 41.702 GC heap after
{Heap after GC invocations=46 (full 0):
 garbage-first heap   total 330752K, used 123553K [0x0000000081000000, 0x0000000100000000)
  region size 1024K, 2 young (2048K), 2 survivors (2048K)
 Metaspace       used 14252K, capacity 14409K, committed 14592K, reserved 1062912K
  class space    used 1173K, capacity 1228K, committed 1280K, reserved 1048576K
}
Event: 42.101 GC heap before
{Heap before GC invocations=47 (full 0):
 garbage-first heap   total 330752K, used 154273K [0x0000000081000000, 0x0000000100000000)
  region size 1024K, 10 young (10240K), 2 survivors (2048K)
 Metaspace       used 14259K, capacity 14409K, committed 14592K, reserved 1062912K
  class space    used 1173K, capacity 1228K, committed 1280K, reserved 1048576K
}
Event: 42.106 GC heap after
{Heap after GC invocations=48 (full 0):
 garbage-first heap   total 330752K, used 83292K [0x0000000081000000, 0x0000000100000000)
  region size 1024K, 5 young (5120K), 5 survivors (5120K)
 Metaspace       used 14259K, capacity 14409K, committed 14592K, reserved 1062912K
  class space    used 1173K, capacity 1228K, committed 1280K, reserved 1048576K
}
Event: 42.308 GC heap before
{Heap before GC invocations=49 (full 0):
 garbage-first heap   total 330752K, used 171356K [0x0000000081000000, 0x0000000100000000)
  region size 1024K, 24 young (24576K), 5 survivors (5120K)
 Metaspace       used 14259K, capacity 14409K, committed 14592K, reserved 1062912K
  class space    used 1173K, capacity 1228K, committed 1280K, reserved 1048576K
}
Event: 42.329 GC heap after
{Heap after GC invocations=50 (full 0):
 garbage-first heap   total 330752K, used 106097K [0x0000000081000000, 0x0000000100000000)
  region size 1024K, 15 young (15360K), 15 survivors (15360K)
 Metaspace       used 14259K, capacity 14409K, committed 14592K, reserved 1062912K
  class space    used 1173K, capacity 1228K, committed 1280K, reserved 1048576K
}
Event: 51.702 GC heap before
{Heap before GC invocations=51 (full 0):
 garbage-first heap   total 330752K, used 243313K [0x0000000081000000, 0x0000000100000000)
  region size 1024K, 95 young (97280K), 15 survivors (15360K)
 Metaspace       used 14273K, capacity 14409K, committed 14592K, reserved 1062912K
  class space    used 1174K, capacity 1228K, committed 1280K, reserved 1048576K
}
Event: 51.817 GC heap after
{Heap after GC invocations=52 (full 0):
 garbage-first heap   total 330752K, used 103936K [0x0000000081000000, 0x0000000100000000)
  region size 1024K, 4 young (4096K), 4 survivors (4096K)
 Metaspace       used 14273K, capacity 14409K, committed 14592K, reserved 1062912K
  class space    used 1174K, capacity 1228K, committed 1280K, reserved 1048576K
}
Event: 58.065 GC heap before
{Heap before GC invocations=53 (full 0):
 garbage-first heap   total 330752K, used 153088K [0x0000000081000000, 0x0000000100000000)
  region size 1024K, 6 young (6144K), 4 survivors (4096K)
 Metaspace       used 14273K, capacity 14409K, committed 14592K, reserved 1062912K
  class space    used 1174K, capacity 1228K, committed 1280K, reserved 1048576K
}
Event: 58.076 GC heap after
{Heap after GC invocations=54 (full 0):
 garbage-first heap   total 330752K, used 102862K [0x0000000081000000, 0x0000000100000000)
  region size 1024K, 3 young (3072K), 3 survivors (3072K)
 Metaspace       used 14273K, capacity 14409K, committed 14592K, reserved 1062912K
  class space    used 1174K, capacity 1228K, committed 1280K, reserved 1048576K
}

