# JRE version: Java(TM) SE Runtime Environment (11.0.1+13) (build 11.0.1+13-LTS)
# Java VM: Java HotSpot(TM) 64-Bit Server VM (11.0.1+13-LTS, mixed mode, tiered, compressed oops, g1 gc, windows-amd64)
Heap:
 garbage-first heap   total 131072K, used 86669K [0x0000000081000000, 0x0000000100000000)
  region size 1024K, 30 young (30720K), 5 survivors (5120K)
 Metaspace       used 12936K, capacity 13074K, committed 13184K, reserved 1060864K
  class space    used 1077K, capacity 1126K, committed 1152K, reserved 1048576K
GC Heap History (10 events):
Event: 1.946 GC heap before
{Heap before GC invocations=17 (full 0):
 garbage-first heap   total 131072K, used 64896K [0x0000000081000000, 0x0000000100000000)
  region size 1024K, 2 young (2048K), 1 survivors (1024K)
 Metaspace       used 11018K, capacity 11102K, committed 11264K, reserved 1058816K
  class space    used 907K, capacity 959K, committed 1024K, reserved 1048576K
}
Event: 1.947 GC heap after
{Heap after GC invocations=18 (full 0):
 garbage-first heap   total 131072K, used 64898K [0x0000000081000000, 0x0000000100000000)
  region size 1024K, 1 young (1024K), 1 survivors (1024K)
 Metaspace       used 11018K, capacity 11102K, committed 11264K, reserved 1058816K
  class space    used 907K, capacity 959K, committed 1024K, reserved 1048576K
}
Event: 2.009 GC heap before
{Heap before GC invocations=19 (full 0):
 garbage-first heap   total 131072K, used 65922K [0x0000000081000000, 0x0000000100000000)
  region size 1024K, 3 young (3072K), 1 survivors (1024K)
 Metaspace       used 11088K, capacity 11166K, committed 11520K, reserved 1060864K
  class space    used 915K, capacity 959K, committed 1024K, reserved 1048576K
}
Event: 2.010 GC heap after
{Heap after GC invocations=20 (full 0):
 garbage-first heap   total 131072K, used 32234K [0x0000000081000000, 0x0000000100000000)
  region size 1024K, 1 young (1024K), 1 survivors (1024K)
 Metaspace       used 11088K, capacity 11166K, committed 11520K, reserved 1060864K
  class space    used 915K, capacity 959K, committed 1024K, reserved 1048576K
}
Event: 2.693 GC heap before
{Heap before GC invocations=21 (full 0):
 garbage-first heap   total 131072K, used 84458K [0x0000000081000000, 0x0000000100000000)
  region size 1024K, 28 young (28672K), 1 survivors (1024K)
 Metaspace       used 11208K, capacity 11390K, committed 11520K, reserved 1060864K
  class space    used 925K, capacity 991K, committed 1024K, reserved 1048576K
}
Event: 2.711 GC heap after
{Heap after GC invocations=22 (full 0):
 garbage-first heap   total 131072K, used 47912K [0x0000000081000000, 0x0000000100000000)
  region size 1024K, 8 young (8192K), 8 survivors (8192K)
 Metaspace       used 11208K, capacity 11390K, committed 11520K, reserved 1060864K
  class space    used 925K, capacity 991K, committed 1024K, reserved 1048576K
}
Event: 2.807 GC heap before
{Heap before GC invocations=23 (full 0):
 garbage-first heap   total 131072K, used 76584K [0x0000000081000000, 0x0000000100000000)
  region size 1024K, 20 young (20480K), 8 survivors (8192K)
 Metaspace       used 11208K, capacity 11390K, committed 11520K, reserved 1060864K
  class space    used 925K, capacity 991K, committed 1024K, reserved 1048576K
}
Event: 2.822 GC heap after
{Heap after GC invocations=24 (full 0):
 garbage-first heap   total 131072K, used 52789K [0x0000000081000000, 0x0000000100000000)
  region size 1024K, 5 young (5120K), 5 survivors (5120K)
 Metaspace       used 11208K, capacity 11390K, committed 11520K, reserved 1060864K
  class space    used 925K, capacity 991K, committed 1024K, reserved 1048576K
}
Event: 2.888 GC heap before
{Heap before GC invocations=25 (full 0):
 garbage-first heap   total 131072K, used 78389K [0x0000000081000000, 0x0000000100000000)
  region size 1024K, 16 young (16384K), 5 survivors (5120K)
 Metaspace       used 11208K, capacity 11390K, committed 11520K, reserved 1060864K
  class space    used 925K, capacity 991K, committed 1024K, reserved 1048576K
}
Event: 2.890 GC heap after
{Heap after GC invocations=26 (full 0):
 garbage-first heap   total 131072K, used 56973K [0x0000000081000000, 0x0000000100000000)
  region size 1024K, 5 young (5120K), 5 survivors (5120K)
 Metaspace       used 11208K, capacity 11390K, committed 11520K, reserved 1060864K
  class space    used 925K, capacity 991K, committed 1024K, reserved 1048576K
}

