# JRE version: Java(TM) SE Runtime Environment (11.0.1+13) (build 11.0.1+13-LTS)
# Java VM: Java HotSpot(TM) 64-Bit Server VM (11.0.1+13-LTS, mixed mode, tiered, compressed oops, g1 gc, windows-amd64)
Heap:
 garbage-first heap   total 370688K, used 170487K [0x0000000081000000, 0x0000000100000000)
  region size 1024K, 14 young (14336K), 1 survivors (1024K)
 Metaspace       used 14129K, capacity 14246K, committed 14336K, reserved 1062912K
  class space    used 1178K, capacity 1233K, committed 1280K, reserved 1048576K
GC Heap History (10 events):
Event: 92.948 GC heap before
{Heap before GC invocations=93 (full 0):
 garbage-first heap   total 330752K, used 153649K [0x0000000081000000, 0x0000000100000000)
  region size 1024K, 7 young (7168K), 5 survivors (5120K)
 Metaspace       used 14058K, capacity 14246K, committed 14336K, reserved 1062912K
  class space    used 1177K, capacity 1233K, committed 1280K, reserved 1048576K
}
Event: 92.950 GC heap after
{Heap after GC invocations=94 (full 0):
 garbage-first heap   total 330752K, used 111153K [0x0000000081000000, 0x0000000100000000)
  region size 1024K, 4 young (4096K), 4 survivors (4096K)
 Metaspace       used 14058K, capacity 14246K, committed 14336K, reserved 1062912K
  class space    used 1177K, capacity 1233K, committed 1280K, reserved 1048576K
}
Event: 97.023 GC heap before
{Heap before GC invocations=95 (full 0):
 garbage-first heap   total 330752K, used 173617K [0x0000000081000000, 0x0000000100000000)
  region size 1024K, 28 young (28672K), 4 survivors (4096K)
 Metaspace       used 14101K, capacity 14246K, committed 14336K, reserved 1062912K
  class space    used 1178K, capacity 1233K, committed 1280K, reserved 1048576K
}
Event: 97.033 GC heap after
{Heap after GC invocations=96 (full 0):
 garbage-first heap   total 330752K, used 116273K [0x0000000081000000, 0x0000000100000000)
  region size 1024K, 4 young (4096K), 4 survivors (4096K)
 Metaspace       used 14101K, capacity 14246K, committed 14336K, reserved 1062912K
  class space    used 1178K, capacity 1233K, committed 1280K, reserved 1048576K
}
Event: 98.460 GC heap before
{Heap before GC invocations=97 (full 0):
 garbage-first heap   total 343040K, used 341553K [0x0000000081000000, 0x0000000100000000)
  region size 1024K, 39 young (39936K), 4 survivors (4096K)
 Metaspace       used 14104K, capacity 14246K, committed 14336K, reserved 1062912K
  class space    used 1178K, capacity 1233K, committed 1280K, reserved 1048576K
}
Event: 99.177 GC heap after
{Heap after GC invocations=98 (full 0):
 garbage-first heap   total 370688K, used 112622K [0x0000000081000000, 0x0000000100000000)
  region size 1024K, 12 young (12288K), 12 survivors (12288K)
 Metaspace       used 14104K, capacity 14246K, committed 14336K, reserved 1062912K
  class space    used 1178K, capacity 1233K, committed 1280K, reserved 1048576K
}
Event: 99.506 GC heap before
{Heap before GC invocations=98 (full 0):
 garbage-first heap   total 370688K, used 117742K [0x0000000081000000, 0x0000000100000000)
  region size 1024K, 18 young (18432K), 12 survivors (12288K)
 Metaspace       used 14104K, capacity 14246K, committed 14336K, reserved 1062912K
  class space    used 1178K, capacity 1233K, committed 1280K, reserved 1048576K
}
Event: 99.512 GC heap after
{Heap after GC invocations=99 (full 0):
 garbage-first heap   total 370688K, used 115188K [0x0000000081000000, 0x0000000100000000)
  region size 1024K, 2 young (2048K), 2 survivors (2048K)
 Metaspace       used 14104K, capacity 14246K, committed 14336K, reserved 1062912K
  class space    used 1178K, capacity 1233K, committed 1280K, reserved 1048576K
}
Event: 105.734 GC heap before
{Heap before GC invocations=99 (full 0):
 garbage-first heap   total 370688K, used 232948K [0x0000000081000000, 0x0000000100000000)
  region size 1024K, 67 young (68608K), 2 survivors (2048K)
 Metaspace       used 14104K, capacity 14246K, committed 14336K, reserved 1062912K
  class space    used 1178K, capacity 1233K, committed 1280K, reserved 1048576K
}
Event: 105.838 GC heap after
{Heap after GC invocations=100 (full 0):
 garbage-first heap   total 370688K, used 114167K [0x0000000081000000, 0x0000000100000000)
  region size 1024K, 1 young (1024K), 1 survivors (1024K)
 Metaspace       used 14104K, capacity 14246K, committed 14336K, reserved 1062912K
  class space    used 1178K, capacity 1233K, committed 1280K, reserved 1048576K
}

