# JRE version: Java(TM) SE Runtime Environment (11.0.1+13) (build 11.0.1+13-LTS)
# Java VM: Java HotSpot(TM) 64-Bit Server VM (11.0.1+13-LTS, mixed mode, tiered, compressed oops, g1 gc, windows-amd64)
Heap:
 garbage-first heap   total 197632K, used 77536K [0x0000000081000000, 0x0000000100000000)
  region size 1024K, 24 young (24576K), 4 survivors (4096K)
 Metaspace       used 13844K, capacity 14017K, committed 14336K, reserved 1062912K
  class space    used 1172K, capacity 1227K, committed 1280K, reserved 1048576K
GC Heap History (10 events):
Event: 2.114 GC heap before
{Heap before GC invocations=9 (full 0):
 garbage-first heap   total 197632K, used 89913K [0x0000000081000000, 0x0000000100000000)
  region size 1024K, 3 young (3072K), 1 survivors (1024K)
 Metaspace       used 11094K, capacity 11172K, committed 11520K, reserved 1060864K
  class space    used 916K, capacity 960K, committed 1024K, reserved 1048576K
}
Event: 2.115 GC heap after
{Heap after GC invocations=10 (full 0):
 garbage-first heap   total 197632K, used 23470K [0x0000000081000000, 0x0000000100000000)
  region size 1024K, 1 young (1024K), 1 survivors (1024K)
 Metaspace       used 11094K, capacity 11172K, committed 11520K, reserved 1060864K
  class space    used 916K, capacity 960K, committed 1024K, reserved 1048576K
}
Event: 2.722 GC heap before
{Heap before GC invocations=11 (full 0):
 garbage-first heap   total 197632K, used 112558K [0x0000000081000000, 0x0000000100000000)
  region size 1024K, 25 young (25600K), 1 survivors (1024K)
 Metaspace       used 11215K, capacity 11396K, committed 11520K, reserved 1060864K
  class space    used 926K, capacity 992K, committed 1024K, reserved 1048576K
}
Event: 2.744 GC heap after
{Heap after GC invocations=12 (full 0):
 garbage-first heap   total 197632K, used 50689K [0x0000000081000000, 0x0000000100000000)
  region size 1024K, 11 young (11264K), 11 survivors (11264K)
 Metaspace       used 11215K, capacity 11396K, committed 11520K, reserved 1060864K
  class space    used 926K, capacity 992K, committed 1024K, reserved 1048576K
}
Event: 5.203 GC heap before
{Heap before GC invocations=13 (full 0):
 garbage-first heap   total 197632K, used 117249K [0x0000000081000000, 0x0000000100000000)
  region size 1024K, 57 young (58368K), 11 survivors (11264K)
 Metaspace       used 11871K, capacity 12004K, committed 12288K, reserved 1060864K
  class space    used 980K, capacity 1024K, committed 1024K, reserved 1048576K
}
Event: 5.218 GC heap after
{Heap after GC invocations=14 (full 0):
 garbage-first heap   total 197632K, used 49152K [0x0000000081000000, 0x0000000100000000)
  region size 1024K, 4 young (4096K), 4 survivors (4096K)
 Metaspace       used 11871K, capacity 12004K, committed 12288K, reserved 1060864K
  class space    used 980K, capacity 1024K, committed 1024K, reserved 1048576K
}
Event: 8.624 GC heap before
{Heap before GC invocations=14 (full 0):
 garbage-first heap   total 197632K, used 131072K [0x0000000081000000, 0x0000000100000000)
  region size 1024K, 42 young (43008K), 4 survivors (4096K)
 Metaspace       used 11908K, capacity 12068K, committed 12288K, reserved 1060864K
  class space    used 982K, capacity 1024K, committed 1024K, reserved 1048576K
}
Event: 8.626 GC heap after
{Heap after GC invocations=15 (full 0):
 garbage-first heap   total 197632K, used 49044K [0x0000000081000000, 0x0000000100000000)
  region size 1024K, 4 young (4096K), 4 survivors (4096K)
 Metaspace       used 11908K, capacity 12068K, committed 12288K, reserved 1060864K
  class space    used 982K, capacity 1024K, committed 1024K, reserved 1048576K
}
Event: 9.553 GC heap before
{Heap before GC invocations=16 (full 0):
 garbage-first heap   total 197632K, used 94100K [0x0000000081000000, 0x0000000100000000)
  region size 1024K, 6 young (6144K), 4 survivors (4096K)
 Metaspace       used 11908K, capacity 12068K, committed 12288K, reserved 1060864K
  class space    used 982K, capacity 1024K, committed 1024K, reserved 1048576K
}
Event: 9.555 GC heap after
{Heap after GC invocations=17 (full 0):
 garbage-first heap   total 197632K, used 48864K [0x0000000081000000, 0x0000000100000000)
  region size 1024K, 4 young (4096K), 4 survivors (4096K)
 Metaspace       used 11908K, capacity 12068K, committed 12288K, reserved 1060864K
  class space    used 982K, capacity 1024K, committed 1024K, reserved 1048576K
}

