# JRE version: Java(TM) SE Runtime Environment (11.0.1+13) (build 11.0.1+13-LTS)
# Java VM: Java HotSpot(TM) 64-Bit Server VM (11.0.1+13-LTS, mixed mode, tiered, compressed oops, g1 gc, windows-amd64)
Heap:
 garbage-first heap   total 164864K, used 119808K [0x0000000081000000, 0x0000000100000000)
  region size 1024K, 16 young (16384K), 4 survivors (4096K)
 Metaspace       used 12992K, capacity 13074K, committed 13184K, reserved 1060864K
  class space    used 1085K, capacity 1126K, committed 1152K, reserved 1048576K
GC Heap History (10 events):
Event: 7.026 GC heap before
{Heap before GC invocations=33 (full 0):
 garbage-first heap   total 164864K, used 110382K [0x0000000081000000, 0x0000000100000000)
  region size 1024K, 4 young (4096K), 2 survivors (2048K)
 Metaspace       used 12913K, capacity 13010K, committed 13184K, reserved 1060864K
  class space    used 1077K, capacity 1126K, committed 1152K, reserved 1048576K
}
Event: 7.027 GC heap after
{Heap after GC invocations=34 (full 0):
 garbage-first heap   total 164864K, used 76600K [0x0000000081000000, 0x0000000100000000)
  region size 1024K, 2 young (2048K), 2 survivors (2048K)
 Metaspace       used 12913K, capacity 13010K, committed 13184K, reserved 1060864K
  class space    used 1077K, capacity 1126K, committed 1152K, reserved 1048576K
}
Event: 7.111 GC heap before
{Heap before GC invocations=35 (full 0):
 garbage-first heap   total 164864K, used 78648K [0x0000000081000000, 0x0000000100000000)
  region size 1024K, 4 young (4096K), 2 survivors (2048K)
 Metaspace       used 12913K, capacity 13010K, committed 13184K, reserved 1060864K
  class space    used 1077K, capacity 1126K, committed 1152K, reserved 1048576K
}
Event: 7.113 GC heap after
{Heap after GC invocations=36 (full 0):
 garbage-first heap   total 164864K, used 76608K [0x0000000081000000, 0x0000000100000000)
  region size 1024K, 2 young (2048K), 2 survivors (2048K)
 Metaspace       used 12913K, capacity 13010K, committed 13184K, reserved 1060864K
  class space    used 1077K, capacity 1126K, committed 1152K, reserved 1048576K
}
Event: 7.214 GC heap before
{Heap before GC invocations=37 (full 0):
 garbage-first heap   total 164864K, used 81728K [0x0000000081000000, 0x0000000100000000)
  region size 1024K, 7 young (7168K), 2 survivors (2048K)
 Metaspace       used 12921K, capacity 13010K, committed 13184K, reserved 1060864K
  class space    used 1077K, capacity 1126K, committed 1152K, reserved 1048576K
}
Event: 7.218 GC heap after
{Heap after GC invocations=38 (full 0):
 garbage-first heap   total 164864K, used 80131K [0x0000000081000000, 0x0000000100000000)
  region size 1024K, 5 young (5120K), 5 survivors (5120K)
 Metaspace       used 12921K, capacity 13010K, committed 13184K, reserved 1060864K
  class space    used 1077K, capacity 1126K, committed 1152K, reserved 1048576K
}
Event: 7.306 GC heap before
{Heap before GC invocations=39 (full 0):
 garbage-first heap   total 164864K, used 105731K [0x0000000081000000, 0x0000000100000000)
  region size 1024K, 15 young (15360K), 5 survivors (5120K)
 Metaspace       used 12921K, capacity 13010K, committed 13184K, reserved 1060864K
  class space    used 1077K, capacity 1126K, committed 1152K, reserved 1048576K
}
Event: 7.322 GC heap after
{Heap after GC invocations=40 (full 0):
 garbage-first heap   total 164864K, used 90276K [0x0000000081000000, 0x0000000100000000)
  region size 1024K, 6 young (6144K), 6 survivors (6144K)
 Metaspace       used 12921K, capacity 13010K, committed 13184K, reserved 1060864K
  class space    used 1077K, capacity 1126K, committed 1152K, reserved 1048576K
}
Event: 7.438 GC heap before
{Heap before GC invocations=41 (full 0):
 garbage-first heap   total 164864K, used 147620K [0x0000000081000000, 0x0000000100000000)
  region size 1024K, 15 young (15360K), 6 survivors (6144K)
 Metaspace       used 12921K, capacity 13010K, committed 13184K, reserved 1060864K
  class space    used 1077K, capacity 1126K, committed 1152K, reserved 1048576K
}
Event: 7.447 GC heap after
{Heap after GC invocations=42 (full 0):
 garbage-first heap   total 164864K, used 99328K [0x0000000081000000, 0x0000000100000000)
  region size 1024K, 4 young (4096K), 4 survivors (4096K)
 Metaspace       used 12921K, capacity 13010K, committed 13184K, reserved 1060864K
  class space    used 1077K, capacity 1126K, committed 1152K, reserved 1048576K
}

