# JRE version: Java(TM) SE Runtime Environment (11.0.1+13) (build 11.0.1+13-LTS)
# Java VM: Java HotSpot(TM) 64-Bit Server VM (11.0.1+13-LTS, mixed mode, tiered, compressed oops, g1 gc, windows-amd64)
Heap:
 garbage-first heap   total 197632K, used 84038K [0x0000000081000000, 0x0000000100000000)
  region size 1024K, 25 young (25600K), 3 survivors (3072K)
 Metaspace       used 13966K, capacity 14083K, committed 14336K, reserved 1062912K
  class space    used 1174K, capacity 1227K, committed 1280K, reserved 1048576K
GC Heap History (10 events):
Event: 3.184 GC heap before
{Heap before GC invocations=9 (full 0):
 garbage-first heap   total 197632K, used 113802K [0x0000000081000000, 0x0000000100000000)
  region size 1024K, 27 young (27648K), 3 survivors (3072K)
 Metaspace       used 11219K, capacity 11396K, committed 11520K, reserved 1060864K
  class space    used 926K, capacity 992K, committed 1024K, reserved 1048576K
}
Event: 3.245 GC heap after
{Heap after GC invocations=10 (full 0):
 garbage-first heap   total 197632K, used 46006K [0x0000000081000000, 0x0000000100000000)
  region size 1024K, 13 young (13312K), 13 survivors (13312K)
 Metaspace       used 11219K, capacity 11396K, committed 11520K, reserved 1060864K
  class space    used 926K, capacity 992K, committed 1024K, reserved 1048576K
}
Event: 5.052 GC heap before
{Heap before GC invocations=11 (full 0):
 garbage-first heap   total 197632K, used 93110K [0x0000000081000000, 0x0000000100000000)
  region size 1024K, 42 young (43008K), 13 survivors (13312K)
 Metaspace       used 11845K, capacity 12004K, committed 12288K, reserved 1060864K
  class space    used 976K, capacity 1024K, committed 1024K, reserved 1048576K
}
Event: 5.067 GC heap after
{Heap after GC invocations=12 (full 0):
 garbage-first heap   total 197632K, used 50316K [0x0000000081000000, 0x0000000100000000)
  region size 1024K, 4 young (4096K), 4 survivors (4096K)
 Metaspace       used 11845K, capacity 12004K, committed 12288K, reserved 1060864K
  class space    used 976K, capacity 1024K, committed 1024K, reserved 1048576K
}
Event: 8.294 GC heap before
{Heap before GC invocations=12 (full 0):
 garbage-first heap   total 197632K, used 96396K [0x0000000081000000, 0x0000000100000000)
  region size 1024K, 50 young (51200K), 4 survivors (4096K)
 Metaspace       used 11912K, capacity 12068K, committed 12288K, reserved 1060864K
  class space    used 981K, capacity 1024K, committed 1024K, reserved 1048576K
}
Event: 8.296 GC heap after
{Heap after GC invocations=13 (full 0):
 garbage-first heap   total 197632K, used 49391K [0x0000000081000000, 0x0000000100000000)
  region size 1024K, 3 young (3072K), 3 survivors (3072K)
 Metaspace       used 11912K, capacity 12068K, committed 12288K, reserved 1060864K
  class space    used 981K, capacity 1024K, committed 1024K, reserved 1048576K
}
Event: 9.804 GC heap before
{Heap before GC invocations=13 (full 0):
 garbage-first heap   total 197632K, used 98543K [0x0000000081000000, 0x0000000100000000)
  region size 1024K, 11 young (11264K), 3 survivors (3072K)
 Metaspace       used 11922K, capacity 12068K, committed 12288K, reserved 1060864K
  class space    used 982K, capacity 1024K, committed 1024K, reserved 1048576K
}
Event: 9.806 GC heap after
{Heap after GC invocations=14 (full 0):
 garbage-first heap   total 197632K, used 49157K [0x0000000081000000, 0x0000000100000000)
  region size 1024K, 3 young (3072K), 3 survivors (3072K)
 Metaspace       used 11922K, capacity 12068K, committed 12288K, reserved 1060864K
  class space    used 982K, capacity 1024K, committed 1024K, reserved 1048576K
}
Event: 10.797 GC heap before
{Heap before GC invocations=15 (full 0):
 garbage-first heap   total 197632K, used 92165K [0x0000000081000000, 0x0000000100000000)
  region size 1024K, 5 young (5120K), 3 survivors (3072K)
 Metaspace       used 11922K, capacity 12068K, committed 12288K, reserved 1060864K
  class space    used 982K, capacity 1024K, committed 1024K, reserved 1048576K
}
Event: 10.798 GC heap after
{Heap after GC invocations=16 (full 0):
 garbage-first heap   total 197632K, used 49222K [0x0000000081000000, 0x0000000100000000)
  region size 1024K, 3 young (3072K), 3 survivors (3072K)
 Metaspace       used 11922K, capacity 12068K, committed 12288K, reserved 1060864K
  class space    used 982K, capacity 1024K, committed 1024K, reserved 1048576K
}

