# JRE version: Java(TM) SE Runtime Environment (11.0.1+13) (build 11.0.1+13-LTS)
# Java VM: Java HotSpot(TM) 64-Bit Server VM (11.0.1+13-LTS, mixed mode, tiered, compressed oops, g1 gc, windows-amd64)
Heap:
 garbage-first heap   total 197632K, used 89683K [0x0000000081000000, 0x0000000100000000)
  region size 1024K, 43 young (44032K), 4 survivors (4096K)
 Metaspace       used 14232K, capacity 14403K, committed 14592K, reserved 1062912K
  class space    used 1172K, capacity 1227K, committed 1280K, reserved 1048576K
GC Heap History (10 events):
Event: 7.273 GC heap before
{Heap before GC invocations=12 (full 0):
 garbage-first heap   total 197632K, used 98891K [0x0000000081000000, 0x0000000100000000)
  region size 1024K, 52 young (53248K), 3 survivors (3072K)
 Metaspace       used 11896K, capacity 12004K, committed 12288K, reserved 1060864K
  class space    used 981K, capacity 1024K, committed 1024K, reserved 1048576K
}
Event: 7.274 GC heap after
{Heap after GC invocations=13 (full 0):
 garbage-first heap   total 197632K, used 49124K [0x0000000081000000, 0x0000000100000000)
  region size 1024K, 3 young (3072K), 3 survivors (3072K)
 Metaspace       used 11896K, capacity 12004K, committed 12288K, reserved 1060864K
  class space    used 981K, capacity 1024K, committed 1024K, reserved 1048576K
}
Event: 9.379 GC heap before
{Heap before GC invocations=13 (full 0):
 garbage-first heap   total 197632K, used 107492K [0x0000000081000000, 0x0000000100000000)
  region size 1024K, 20 young (20480K), 3 survivors (3072K)
 Metaspace       used 11906K, capacity 12004K, committed 12288K, reserved 1060864K
  class space    used 982K, capacity 1024K, committed 1024K, reserved 1048576K
}
Event: 9.381 GC heap after
{Heap after GC invocations=14 (full 0):
 garbage-first heap   total 197632K, used 49220K [0x0000000081000000, 0x0000000100000000)
  region size 1024K, 3 young (3072K), 3 survivors (3072K)
 Metaspace       used 11906K, capacity 12004K, committed 12288K, reserved 1060864K
  class space    used 982K, capacity 1024K, committed 1024K, reserved 1048576K
}
Event: 10.352 GC heap before
{Heap before GC invocations=15 (full 0):
 garbage-first heap   total 197632K, used 92228K [0x0000000081000000, 0x0000000100000000)
  region size 1024K, 5 young (5120K), 3 survivors (3072K)
 Metaspace       used 11906K, capacity 12004K, committed 12288K, reserved 1060864K
  class space    used 982K, capacity 1024K, committed 1024K, reserved 1048576K
}
Event: 10.353 GC heap after
{Heap after GC invocations=16 (full 0):
 garbage-first heap   total 197632K, used 49164K [0x0000000081000000, 0x0000000100000000)
  region size 1024K, 3 young (3072K), 3 survivors (3072K)
 Metaspace       used 11906K, capacity 12004K, committed 12288K, reserved 1060864K
  class space    used 982K, capacity 1024K, committed 1024K, reserved 1048576K
}
Event: 21.699 GC heap before
{Heap before GC invocations=17 (full 0):
 garbage-first heap   total 197632K, used 134156K [0x0000000081000000, 0x0000000100000000)
  region size 1024K, 73 young (74752K), 3 survivors (3072K)
 Metaspace       used 14110K, capacity 14275K, committed 14592K, reserved 1062912K
  class space    used 1172K, capacity 1227K, committed 1280K, reserved 1048576K
}
Event: 21.702 GC heap after
{Heap after GC invocations=18 (full 0):
 garbage-first heap   total 197632K, used 50373K [0x0000000081000000, 0x0000000100000000)
  region size 1024K, 4 young (4096K), 4 survivors (4096K)
 Metaspace       used 14110K, capacity 14275K, committed 14592K, reserved 1062912K
  class space    used 1172K, capacity 1227K, committed 1280K, reserved 1048576K
}
Event: 41.456 GC heap before
{Heap before GC invocations=18 (full 0):
 garbage-first heap   total 197632K, used 138437K [0x0000000081000000, 0x0000000100000000)
  region size 1024K, 90 young (92160K), 4 survivors (4096K)
 Metaspace       used 14229K, capacity 14403K, committed 14592K, reserved 1062912K
  class space    used 1172K, capacity 1227K, committed 1280K, reserved 1048576K
}
Event: 41.459 GC heap after
{Heap after GC invocations=19 (full 0):
 garbage-first heap   total 197632K, used 50771K [0x0000000081000000, 0x0000000100000000)
  region size 1024K, 4 young (4096K), 4 survivors (4096K)
 Metaspace       used 14229K, capacity 14403K, committed 14592K, reserved 1062912K
  class space    used 1172K, capacity 1227K, committed 1280K, reserved 1048576K
}

