# JRE version: Java(TM) SE Runtime Environment (11.0.1+13) (build 11.0.1+13-LTS)
# Java VM: Java HotSpot(TM) 64-Bit Server VM (11.0.1+13-LTS, mixed mode, tiered, compressed oops, g1 gc, windows-amd64)
Heap:
 garbage-first heap   total 197632K, used 142187K [0x0000000081000000, 0x0000000100000000)
  region size 1024K, 96 young (98304K), 5 survivors (5120K)
 Metaspace       used 13853K, capacity 13978K, committed 14336K, reserved 1062912K
  class space    used 1144K, capacity 1191K, committed 1280K, reserved 1048576K
GC Heap History (10 events):
Event: 11.066 GC heap before
{Heap before GC invocations=16 (full 0):
 garbage-first heap   total 197632K, used 94208K [0x0000000081000000, 0x0000000100000000)
  region size 1024K, 6 young (6144K), 4 survivors (4096K)
 Metaspace       used 11920K, capacity 12068K, committed 12288K, reserved 1060864K
  class space    used 982K, capacity 1024K, committed 1024K, reserved 1048576K
}
Event: 11.068 GC heap after
{Heap after GC invocations=17 (full 0):
 garbage-first heap   total 197632K, used 48853K [0x0000000081000000, 0x0000000100000000)
  region size 1024K, 4 young (4096K), 4 survivors (4096K)
 Metaspace       used 11920K, capacity 12068K, committed 12288K, reserved 1060864K
  class space    used 982K, capacity 1024K, committed 1024K, reserved 1048576K
}
Event: 19.640 GC heap before
{Heap before GC invocations=18 (full 0):
 garbage-first heap   total 197632K, used 115413K [0x0000000081000000, 0x0000000100000000)
  region size 1024K, 60 young (61440K), 4 survivors (4096K)
 Metaspace       used 13604K, capacity 13786K, committed 14080K, reserved 1062912K
  class space    used 1142K, capacity 1191K, committed 1280K, reserved 1048576K
}
Event: 19.643 GC heap after
{Heap after GC invocations=19 (full 0):
 garbage-first heap   total 197632K, used 49503K [0x0000000081000000, 0x0000000100000000)
  region size 1024K, 5 young (5120K), 5 survivors (5120K)
 Metaspace       used 13604K, capacity 13786K, committed 14080K, reserved 1062912K
  class space    used 1142K, capacity 1191K, committed 1280K, reserved 1048576K
}
Event: 42.750 GC heap before
{Heap before GC invocations=19 (full 0):
 garbage-first heap   total 197632K, used 117087K [0x0000000081000000, 0x0000000100000000)
  region size 1024K, 71 young (72704K), 5 survivors (5120K)
 Metaspace       used 13792K, capacity 13914K, committed 14080K, reserved 1062912K
  class space    used 1142K, capacity 1191K, committed 1280K, reserved 1048576K
}
Event: 42.753 GC heap after
{Heap after GC invocations=20 (full 0):
 garbage-first heap   total 197632K, used 49902K [0x0000000081000000, 0x0000000100000000)
  region size 1024K, 5 young (5120K), 5 survivors (5120K)
 Metaspace       used 13792K, capacity 13914K, committed 14080K, reserved 1062912K
  class space    used 1142K, capacity 1191K, committed 1280K, reserved 1048576K
}
Event: 82.941 GC heap before
{Heap before GC invocations=20 (full 0):
 garbage-first heap   total 197632K, used 137966K [0x0000000081000000, 0x0000000100000000)
  region size 1024K, 91 young (93184K), 5 survivors (5120K)
 Metaspace       used 13812K, capacity 13978K, committed 14336K, reserved 1062912K
  class space    used 1144K, capacity 1191K, committed 1280K, reserved 1048576K
}
Event: 82.945 GC heap after
{Heap after GC invocations=21 (full 0):
 garbage-first heap   total 197632K, used 49976K [0x0000000081000000, 0x0000000100000000)
  region size 1024K, 5 young (5120K), 5 survivors (5120K)
 Metaspace       used 13812K, capacity 13978K, committed 14336K, reserved 1062912K
  class space    used 1144K, capacity 1191K, committed 1280K, reserved 1048576K
}
Event: 123.714 GC heap before
{Heap before GC invocations=21 (full 0):
 garbage-first heap   total 197632K, used 145208K [0x0000000081000000, 0x0000000100000000)
  region size 1024K, 99 young (101376K), 5 survivors (5120K)
 Metaspace       used 13814K, capacity 13978K, committed 14336K, reserved 1062912K
  class space    used 1144K, capacity 1191K, committed 1280K, reserved 1048576K
}
Event: 123.717 GC heap after
{Heap after GC invocations=22 (full 0):
 garbage-first heap   total 197632K, used 50027K [0x0000000081000000, 0x0000000100000000)
  region size 1024K, 5 young (5120K), 5 survivors (5120K)
 Metaspace       used 13814K, capacity 13978K, committed 14336K, reserved 1062912K
  class space    used 1144K, capacity 1191K, committed 1280K, reserved 1048576K
}

